<?xml version="1.0" encoding="UTF-8"?>
<testsuite xmlns:xsi="http://www.w3.org/2001/XMLSchema-instance" xsi:noNamespaceSchemaLocation="https://maven.apache.org/surefire/maven-surefire-plugin/xsd/surefire-test-report.xsd" version="3.0.2" name="com.example.bettingsystem.BettingSystemApplicationTests" time="3.454" tests="1" errors="0" skipped="0" failures="0">
  <properties>
[...]
</properties>
  <testcase name="contextLoads" classname="com.example.bettingsystem.BettingSystemApplicationTests" time="1.032">
    <system-out><![CDATA[09:47:42.333 [main] INFO org.springframework.test.context.support.AnnotationConfigContextLoaderUtils -- Could not detect default configuration classes for test class [com.example.bettingsystem.BettingSystemApplicationTests]: BettingSystemApplicationTests does not declare any static, non-private, non-final, nested classes annotated with @Configuration.
09:47:42.450 [main] INFO org.springframework.boot.test.context.SpringBootTestContextBootstrapper -- Found @SpringBootConfiguration com.example.bettingsystem.BettingSystemApplication for test class com.example.bettingsystem.BettingSystemApplicationTests

  .   ____          _            __ _ _
 /\\ / ___'_ __ _ _(_)_ __  __ _ \ \ \ \
( ( )\___ | '_ | '_| | '_ \/ _` | \ \ \ \
 \\/  ___)| |_)| | | | | || (_| |  ) ) ) )
  '  |____| .__|_| |_|_| |_\__, | / / / /
 =========|_|==============|___/=/_/_/_/

 :: Spring Boot ::                (v3.5.7)

2025-11-22T09:47:43.048+08:00  INFO 32108 --- [bettingSystem] [           main] c.e.b.BettingSystemApplicationTests      : Starting BettingSystemApplicationTests using Java 17.0.6 with PID 32108 (started by Administrator in D:\project\bettingSystem)
2025-11-22T09:47:43.051+08:00  INFO 32108 --- [bettingSystem] [           main] c.e.b.BettingSystemApplicationTests      : No active profile set, falling back to 1 default profile: "default"
2025-11-22T09:47:44.598+08:00  INFO 32108 --- [bettingSystem] [           main] c.e.b.BettingSystemApplicationTests      : Started BettingSystemApplicationTests in 1.959 seconds (process running for 3.564)
]]></system-out>
  </testcase>
</testsuite>